<?xml version="1.0" encoding="UTF-8"?>
<!-- Generated by org.testng.reporters.JUnitReportReporter -->
<testsuite hostname="OSWEUCXD1327" failures="0" tests="3" name="HCLTech.tests.StandAloneTest" time="24.685" errors="0" timestamp="2024-11-28T14:15:52 IST" skipped="0">
  <testcase classname="HCLTech.tests.StandAloneTest" name="submitOrder" time="9.574"/>
  <testcase classname="HCLTech.tests.StandAloneTest" name="orderHistory" time="5.614"/>
  <testcase classname="HCLTech.tests.StandAloneTest" name="submitOrder" time="9.497"/>
</testsuite> <!-- HCLTech.tests.StandAloneTest -->
