<?xml version="1.0" encoding="UTF-8"?>
<!-- Generated by org.testng.reporters.JUnitReportReporter -->
<testsuite hostname="OSWEUCXD1327" failures="0" tests="2" name="HCLTech.tests.ErrorValidations" time="15.105" errors="0" timestamp="2024-11-28T14:15:52 IST" skipped="0">
  <testcase classname="HCLTech.tests.ErrorValidations" name="productErrorValidations" time="8.342"/>
  <testcase classname="HCLTech.tests.ErrorValidations" name="loginErrorValidations" time="6.763"/>
</testsuite> <!-- HCLTech.tests.ErrorValidations -->
