<?xml version="1.0" encoding="UTF-8"?>
<!-- Generated by org.testng.reporters.JUnitReportReporter -->
<testsuite hostname="OSWEUCXD1327" failures="0" tests="3" name="HCLTech.tests.StandAloneTest" time="43.891" errors="0" timestamp="2024-11-28T21:48:33 IST" skipped="0">
  <testcase classname="HCLTech.tests.StandAloneTest" name="submitOrder" time="14.527"/>
  <testcase classname="HCLTech.tests.StandAloneTest" name="orderHistory" time="10.503"/>
  <testcase classname="HCLTech.tests.StandAloneTest" name="submitOrder" time="18.861"/>
</testsuite> <!-- HCLTech.tests.StandAloneTest -->
