<?xml version="1.0" encoding="UTF-8"?>
<!-- Generated by org.testng.reporters.JUnitReportReporter -->
<testsuite hostname="OSWEUCXD1327" failures="0" tests="1" name="HCLTech.tests.ErrorValidations" time="10.098" errors="0" timestamp="2024-12-02T20:54:58 IST" skipped="0">
  <testcase classname="HCLTech.tests.ErrorValidations" name="loginErrorValidations" time="10.098"/>
</testsuite> <!-- HCLTech.tests.ErrorValidations -->
